<?xml version="1.0" encoding="UTF-8"?>
<testng-results ignored="0" total="1" passed="0" failed="1" skipped="0">
  <reporter-output>
  </reporter-output>
  <suite started-at="2021-04-22T12:13:14 EDT" name="Default suite" finished-at="2021-04-22T12:14:15 EDT" duration-ms="60668">
    <groups>
      <group name="1">
        <method signature="SmokeTest.validatingPLD_creation()[pri:1, instance:com.pdp.tests.SmokeTest@48b0e701]" name="validatingPLD_creation" class="com.pdp.tests.SmokeTest"/>
      </group> <!-- 1 -->
      <group name="smoke">
        <method signature="SmokeTest.validatingPLD_creation()[pri:1, instance:com.pdp.tests.SmokeTest@48b0e701]" name="validatingPLD_creation" class="com.pdp.tests.SmokeTest"/>
      </group> <!-- smoke -->
    </groups>
    <test started-at="2021-04-22T12:13:14 EDT" name="Default test" finished-at="2021-04-22T12:14:15 EDT" duration-ms="60668">
      <class name="com.pdp.tests.SmokeTest">
        <test-method is-config="true" signature="invokeBrowser()[pri:0, instance:com.pdp.tests.SmokeTest@48b0e701]" started-at="2021-04-22T12:13:09 EDT" name="invokeBrowser" finished-at="2021-04-22T12:13:14 EDT" duration-ms="4948" status="PASS">
          <reporter-output>
          </reporter-output>
        </test-method> <!-- invokeBrowser -->
        <test-method signature="validatingPLD_creation()[pri:1, instance:com.pdp.tests.SmokeTest@48b0e701]" started-at="2021-04-22T12:13:14 EDT" name="validatingPLD_creation" description="creating_PLD" finished-at="2021-04-22T12:14:15 EDT" duration-ms="60598" status="FAIL">
          <exception class="java.lang.AssertionError">
            <message>
              <![CDATA[Figure number is not displayed expected [true] but found [false]]]>
            </message>
            <full-stacktrace>
              <![CDATA[java.lang.AssertionError: Figure number is not displayed expected [true] but found [false]
at org.testng.Assert.fail(Assert.java:99)
at org.testng.Assert.failNotEquals(Assert.java:1037)
at org.testng.Assert.assertTrue(Assert.java:45)
at com.pdp.pages.CreatePldPage.personalActiveList(CreatePldPage.java:117)
at com.pdp.tests.SmokeTest.validatingPLD_creation(SmokeTest.java:40)
at java.base/jdk.internal.reflect.NativeMethodAccessorImpl.invoke0(Native Method)
at java.base/jdk.internal.reflect.NativeMethodAccessorImpl.invoke(NativeMethodAccessorImpl.java:64)
at java.base/jdk.internal.reflect.DelegatingMethodAccessorImpl.invoke(DelegatingMethodAccessorImpl.java:43)
at java.base/java.lang.reflect.Method.invoke(Method.java:564)
at org.testng.internal.MethodInvocationHelper.invokeMethod(MethodInvocationHelper.java:132)
at org.testng.internal.InvokeMethodRunnable.runOne(InvokeMethodRunnable.java:45)
at org.testng.internal.InvokeMethodRunnable.call(InvokeMethodRunnable.java:73)
at org.testng.internal.InvokeMethodRunnable.call(InvokeMethodRunnable.java:11)
at java.base/java.util.concurrent.FutureTask.run(FutureTask.java:264)
at java.base/java.util.concurrent.ThreadPoolExecutor.runWorker(ThreadPoolExecutor.java:1130)
at java.base/java.util.concurrent.ThreadPoolExecutor$Worker.run(ThreadPoolExecutor.java:630)
at java.base/java.lang.Thread.run(Thread.java:832)
]]>
            </full-stacktrace>
          </exception> <!-- java.lang.AssertionError -->
          <reporter-output>
          </reporter-output>
        </test-method> <!-- validatingPLD_creation -->
        <test-method is-config="true" signature="closeBrowser()[pri:0, instance:com.pdp.tests.SmokeTest@48b0e701]" started-at="2021-04-22T12:14:15 EDT" name="closeBrowser" finished-at="2021-04-22T12:14:26 EDT" duration-ms="11616" status="PASS">
          <reporter-output>
          </reporter-output>
        </test-method> <!-- closeBrowser -->
      </class> <!-- com.pdp.tests.SmokeTest -->
    </test> <!-- Default test -->
  </suite> <!-- Default suite -->
</testng-results>
